The system is: Darwin - 19.6.0 - x86_64
Compiling the C compiler identification source file "CMakeCCompilerId.c" succeeded.
Compiler: /usr/local/bin/gcc-10 
Build flags: 
Id flags:  

The output was:
0


Compilation of the C compiler identification source "CMakeCCompilerId.c" produced "a.out"

The C compiler identification is GNU, found in "/Users/floriancaullery/CLionProjects/pqc_rainbow_signature/build/CMakeFiles/3.17.3/CompilerIdC/a.out"

Determining if the C compiler works passed with the following output:
Change Dir: /Users/floriancaullery/CLionProjects/pqc_rainbow_signature/build/CMakeFiles/CMakeTmp

Run Build Command(s):/usr/local/bin/ninja cmTC_09d4f && [1/2] Building C object CMakeFiles/cmTC_09d4f.dir/testCCompiler.c.o
[2/2] Linking C executable cmTC_09d4f



Detecting C compiler ABI info compiled with the following output:
Change Dir: /Users/floriancaullery/CLionProjects/pqc_rainbow_signature/build/CMakeFiles/CMakeTmp

Run Build Command(s):/usr/local/bin/ninja cmTC_b829a && [1/2] Building C object CMakeFiles/cmTC_b829a.dir/CMakeCCompilerABI.c.o
Using built-in specs.
COLLECT_GCC=/usr/local/bin/gcc-10
Target: x86_64-apple-darwin19
Configured with: ../configure --build=x86_64-apple-darwin19 --prefix=/usr/local/Cellar/gcc/10.2.0 --libdir=/usr/local/Cellar/gcc/10.2.0/lib/gcc/10 --disable-nls --enable-checking=release --enable-languages=c,c++,objc,obj-c++,fortran --program-suffix=-10 --with-gmp=/usr/local/opt/gmp --with-mpfr=/usr/local/opt/mpfr --with-mpc=/usr/local/opt/libmpc --with-isl=/usr/local/opt/isl --with-system-zlib --with-pkgversion='Homebrew GCC 10.2.0' --with-bugurl=https://github.com/Homebrew/homebrew-core/issues --disable-multilib --with-native-system-header-dir=/usr/include --with-sysroot=/Library/Developer/CommandLineTools/SDKs/MacOSX10.15.sdk SED=/usr/bin/sed
Thread model: posix
Supported LTO compression algorithms: zlib
gcc version 10.2.0 (Homebrew GCC 10.2.0) 
COLLECT_GCC_OPTIONS='-isysroot' '/Applications/Xcode.app/Contents/Developer/Platforms/MacOSX.platform/Developer/SDKs/MacOSX10.15.sdk' '-v' '-o' 'CMakeFiles/cmTC_b829a.dir/CMakeCCompilerABI.c.o' '-c' '-mmacosx-version-min=10.15.0' '-asm_macosx_version_min=10.15' '-mtune=core2'
 /usr/local/Cellar/gcc/10.2.0/libexec/gcc/x86_64-apple-darwin19/10.2.0/cc1 -quiet -v -D__DYNAMIC__ -isysroot /Applications/Xcode.app/Contents/Developer/Platforms/MacOSX.platform/Developer/SDKs/MacOSX10.15.sdk /usr/local/Cellar/cmake/3.17.3/share/cmake/Modules/CMakeCCompilerABI.c -fPIC -quiet -dumpbase CMakeCCompilerABI.c -mmacosx-version-min=10.15.0 -mtune=core2 -auxbase-strip CMakeFiles/cmTC_b829a.dir/CMakeCCompilerABI.c.o -version -o /var/folders/5n/mpj6k5rn0kqd1x438yxyj7b40000gn/T//cc6obcJu.s
GNU C17 (Homebrew GCC 10.2.0) version 10.2.0 (x86_64-apple-darwin19)
	compiled by GNU C version 10.2.0, GMP version 6.2.0, MPFR version 4.0.2, MPC version 1.1.0, isl version isl-0.22.1-GMP

warning: GMP header version 6.2.0 differs from library version 6.2.1.
warning: MPFR header version 4.0.2 differs from library version 4.1.0.
warning: MPC header version 1.1.0 differs from library version 1.2.1.
GGC heuristics: --param ggc-min-expand=100 --param ggc-min-heapsize=131072
ignoring nonexistent directory "/Applications/Xcode.app/Contents/Developer/Platforms/MacOSX.platform/Developer/SDKs/MacOSX10.15.sdk/usr/local/include"
ignoring nonexistent directory "/usr/local/Cellar/gcc/10.2.0/lib/gcc/10/gcc/x86_64-apple-darwin19/10.2.0/../../../../../../x86_64-apple-darwin19/include"
ignoring nonexistent directory "/Applications/Xcode.app/Contents/Developer/Platforms/MacOSX.platform/Developer/SDKs/MacOSX10.15.sdk/Library/Frameworks"
#include "..." search starts here:
#include <...> search starts here:
 /usr/local/Cellar/gcc/10.2.0/lib/gcc/10/gcc/x86_64-apple-darwin19/10.2.0/include
 /usr/local/Cellar/gcc/10.2.0/lib/gcc/10/gcc/x86_64-apple-darwin19/10.2.0/include-fixed
 /Applications/Xcode.app/Contents/Developer/Platforms/MacOSX.platform/Developer/SDKs/MacOSX10.15.sdk/usr/include
 /Applications/Xcode.app/Contents/Developer/Platforms/MacOSX.platform/Developer/SDKs/MacOSX10.15.sdk/System/Library/Frameworks
End of search list.
GNU C17 (Homebrew GCC 10.2.0) version 10.2.0 (x86_64-apple-darwin19)
	compiled by GNU C version 10.2.0, GMP version 6.2.0, MPFR version 4.0.2, MPC version 1.1.0, isl version isl-0.22.1-GMP

warning: GMP header version 6.2.0 differs from library version 6.2.1.
warning: MPFR header version 4.0.2 differs from library version 4.1.0.
warning: MPC header version 1.1.0 differs from library version 1.2.1.
GGC heuristics: --param ggc-min-expand=100 --param ggc-min-heapsize=131072
Compiler executable checksum: 4decf7776a312d202dddebf6816110de
COLLECT_GCC_OPTIONS='-isysroot' '/Applications/Xcode.app/Contents/Developer/Platforms/MacOSX.platform/Developer/SDKs/MacOSX10.15.sdk' '-v' '-o' 'CMakeFiles/cmTC_b829a.dir/CMakeCCompilerABI.c.o' '-c' '-mmacosx-version-min=10.15.0'  '-mtune=core2'
 as -arch x86_64 -v -force_cpusubtype_ALL -mmacosx-version-min=10.15 -o CMakeFiles/cmTC_b829a.dir/CMakeCCompilerABI.c.o /var/folders/5n/mpj6k5rn0kqd1x438yxyj7b40000gn/T//cc6obcJu.s
Apple clang version 12.0.0 (clang-1200.0.32.2)
Target: x86_64-apple-darwin19.6.0
Thread model: posix
InstalledDir: /Applications/Xcode.app/Contents/Developer/Toolchains/XcodeDefault.xctoolchain/usr/bin
 "/Applications/Xcode.app/Contents/Developer/Toolchains/XcodeDefault.xctoolchain/usr/bin/clang" -cc1as -triple x86_64-apple-macosx10.15.0 -filetype obj -main-file-name cc6obcJu.s -target-cpu penryn -fdebug-compilation-dir /Users/floriancaullery/CLionProjects/pqc_rainbow_signature/build/CMakeFiles/CMakeTmp -dwarf-debug-producer "Apple clang version 12.0.0 (clang-1200.0.32.2)" -dwarf-version=4 -mrelocation-model pic -o CMakeFiles/cmTC_b829a.dir/CMakeCCompilerABI.c.o /var/folders/5n/mpj6k5rn0kqd1x438yxyj7b40000gn/T//cc6obcJu.s
COMPILER_PATH=/usr/local/Cellar/gcc/10.2.0/libexec/gcc/x86_64-apple-darwin19/10.2.0/:/usr/local/Cellar/gcc/10.2.0/libexec/gcc/x86_64-apple-darwin19/10.2.0/:/usr/local/Cellar/gcc/10.2.0/libexec/gcc/x86_64-apple-darwin19/:/usr/local/Cellar/gcc/10.2.0/lib/gcc/10/gcc/x86_64-apple-darwin19/10.2.0/:/usr/local/Cellar/gcc/10.2.0/lib/gcc/10/gcc/x86_64-apple-darwin19/
LIBRARY_PATH=/usr/local/Cellar/gcc/10.2.0/lib/gcc/10/gcc/x86_64-apple-darwin19/10.2.0/:/usr/local/Cellar/gcc/10.2.0/lib/gcc/10/gcc/x86_64-apple-darwin19/10.2.0/../../../
COLLECT_GCC_OPTIONS='-isysroot' '/Applications/Xcode.app/Contents/Developer/Platforms/MacOSX.platform/Developer/SDKs/MacOSX10.15.sdk' '-v' '-o' 'CMakeFiles/cmTC_b829a.dir/CMakeCCompilerABI.c.o' '-c' '-mmacosx-version-min=10.15.0'  '-mtune=core2'
[2/2] Linking C executable cmTC_b829a
Using built-in specs.
COLLECT_GCC=/usr/local/bin/gcc-10
COLLECT_LTO_WRAPPER=/usr/local/Cellar/gcc/10.2.0/libexec/gcc/x86_64-apple-darwin19/10.2.0/lto-wrapper
Target: x86_64-apple-darwin19
Configured with: ../configure --build=x86_64-apple-darwin19 --prefix=/usr/local/Cellar/gcc/10.2.0 --libdir=/usr/local/Cellar/gcc/10.2.0/lib/gcc/10 --disable-nls --enable-checking=release --enable-languages=c,c++,objc,obj-c++,fortran --program-suffix=-10 --with-gmp=/usr/local/opt/gmp --with-mpfr=/usr/local/opt/mpfr --with-mpc=/usr/local/opt/libmpc --with-isl=/usr/local/opt/isl --with-system-zlib --with-pkgversion='Homebrew GCC 10.2.0' --with-bugurl=https://github.com/Homebrew/homebrew-core/issues --disable-multilib --with-native-system-header-dir=/usr/include --with-sysroot=/Library/Developer/CommandLineTools/SDKs/MacOSX10.15.sdk SED=/usr/bin/sed
Thread model: posix
Supported LTO compression algorithms: zlib
gcc version 10.2.0 (Homebrew GCC 10.2.0) 
COMPILER_PATH=/usr/local/Cellar/gcc/10.2.0/libexec/gcc/x86_64-apple-darwin19/10.2.0/:/usr/local/Cellar/gcc/10.2.0/libexec/gcc/x86_64-apple-darwin19/10.2.0/:/usr/local/Cellar/gcc/10.2.0/libexec/gcc/x86_64-apple-darwin19/:/usr/local/Cellar/gcc/10.2.0/lib/gcc/10/gcc/x86_64-apple-darwin19/10.2.0/:/usr/local/Cellar/gcc/10.2.0/lib/gcc/10/gcc/x86_64-apple-darwin19/
LIBRARY_PATH=/usr/local/Cellar/gcc/10.2.0/lib/gcc/10/gcc/x86_64-apple-darwin19/10.2.0/:/usr/local/Cellar/gcc/10.2.0/lib/gcc/10/gcc/x86_64-apple-darwin19/10.2.0/../../../
COLLECT_GCC_OPTIONS='-isysroot' '/Applications/Xcode.app/Contents/Developer/Platforms/MacOSX.platform/Developer/SDKs/MacOSX10.15.sdk' '-v' '-o' 'cmTC_b829a' '-mmacosx-version-min=10.15.0' '-asm_macosx_version_min=10.15' '-mtune=core2'
 /usr/local/Cellar/gcc/10.2.0/libexec/gcc/x86_64-apple-darwin19/10.2.0/collect2 -dynamic -arch x86_64 -macosx_version_min 10.15.0 -syslibroot /Applications/Xcode.app/Contents/Developer/Platforms/MacOSX.platform/Developer/SDKs/MacOSX10.15.sdk -weak_reference_mismatches non-weak -o cmTC_b829a -L/usr/local/Cellar/gcc/10.2.0/lib/gcc/10/gcc/x86_64-apple-darwin19/10.2.0 -L/usr/local/Cellar/gcc/10.2.0/lib/gcc/10/gcc/x86_64-apple-darwin19/10.2.0/../../.. -search_paths_first -headerpad_max_install_names -v CMakeFiles/cmTC_b829a.dir/CMakeCCompilerABI.c.o -lSystem -lgcc_ext.10.5 -lgcc -lSystem -no_compact_unwind -v
collect2 version 10.2.0
/usr/bin/ld -dynamic -arch x86_64 -macosx_version_min 10.15.0 -syslibroot /Applications/Xcode.app/Contents/Developer/Platforms/MacOSX.platform/Developer/SDKs/MacOSX10.15.sdk -weak_reference_mismatches non-weak -o cmTC_b829a -L/usr/local/Cellar/gcc/10.2.0/lib/gcc/10/gcc/x86_64-apple-darwin19/10.2.0 -L/usr/local/Cellar/gcc/10.2.0/lib/gcc/10/gcc/x86_64-apple-darwin19/10.2.0/../../.. -search_paths_first -headerpad_max_install_names -v CMakeFiles/cmTC_b829a.dir/CMakeCCompilerABI.c.o -lSystem -lgcc_ext.10.5 -lgcc -lSystem -no_compact_unwind -v
@(#)PROGRAM:ld  PROJECT:ld64-609
BUILD 07:59:13 Aug 25 2020
configured to support archs: armv6 armv7 armv7s arm64 arm64e arm64_32 i386 x86_64 x86_64h armv6m armv7k armv7m armv7em
@(#)PROGRAM:ld  PROJECT:ld64-609
BUILD 07:59:13 Aug 25 2020
configured to support archs: armv6 armv7 armv7s arm64 arm64e arm64_32 i386 x86_64 x86_64h armv6m armv7k armv7m armv7em
Library search paths:
	/usr/local/Cellar/gcc/10.2.0/lib/gcc/10/gcc/x86_64-apple-darwin19/10.2.0
	/usr/local/Cellar/gcc/10.2.0/lib/gcc/10
	/Applications/Xcode.app/Contents/Developer/Platforms/MacOSX.platform/Developer/SDKs/MacOSX10.15.sdk/usr/lib
Framework search paths:
	/Applications/Xcode.app/Contents/Developer/Platforms/MacOSX.platform/Developer/SDKs/MacOSX10.15.sdk/System/Library/Frameworks/



Parsed C implicit include dir info from above output: rv=done
  found start of include info
  found start of implicit include info
    add: [/usr/local/Cellar/gcc/10.2.0/lib/gcc/10/gcc/x86_64-apple-darwin19/10.2.0/include]
    add: [/usr/local/Cellar/gcc/10.2.0/lib/gcc/10/gcc/x86_64-apple-darwin19/10.2.0/include-fixed]
    add: [/Applications/Xcode.app/Contents/Developer/Platforms/MacOSX.platform/Developer/SDKs/MacOSX10.15.sdk/usr/include]
    add: [/Applications/Xcode.app/Contents/Developer/Platforms/MacOSX.platform/Developer/SDKs/MacOSX10.15.sdk/System/Library/Frameworks]
  end of search list found
  collapse include dir [/usr/local/Cellar/gcc/10.2.0/lib/gcc/10/gcc/x86_64-apple-darwin19/10.2.0/include] ==> [/usr/local/Cellar/gcc/10.2.0/lib/gcc/10/gcc/x86_64-apple-darwin19/10.2.0/include]
  collapse include dir [/usr/local/Cellar/gcc/10.2.0/lib/gcc/10/gcc/x86_64-apple-darwin19/10.2.0/include-fixed] ==> [/usr/local/Cellar/gcc/10.2.0/lib/gcc/10/gcc/x86_64-apple-darwin19/10.2.0/include-fixed]
  collapse include dir [/Applications/Xcode.app/Contents/Developer/Platforms/MacOSX.platform/Developer/SDKs/MacOSX10.15.sdk/usr/include] ==> [/Applications/Xcode.app/Contents/Developer/Platforms/MacOSX.platform/Developer/SDKs/MacOSX10.15.sdk/usr/include]
  collapse include dir [/Applications/Xcode.app/Contents/Developer/Platforms/MacOSX.platform/Developer/SDKs/MacOSX10.15.sdk/System/Library/Frameworks] ==> [/Applications/Xcode.app/Contents/Developer/Platforms/MacOSX.platform/Developer/SDKs/MacOSX10.15.sdk/System/Library/Frameworks]
  implicit include dirs: [/usr/local/Cellar/gcc/10.2.0/lib/gcc/10/gcc/x86_64-apple-darwin19/10.2.0/include;/usr/local/Cellar/gcc/10.2.0/lib/gcc/10/gcc/x86_64-apple-darwin19/10.2.0/include-fixed;/Applications/Xcode.app/Contents/Developer/Platforms/MacOSX.platform/Developer/SDKs/MacOSX10.15.sdk/usr/include;/Applications/Xcode.app/Contents/Developer/Platforms/MacOSX.platform/Developer/SDKs/MacOSX10.15.sdk/System/Library/Frameworks]


Parsed C implicit link information from above output:
  link line regex: [^( *|.*[/\])(ld|CMAKE_LINK_STARTFILE-NOTFOUND|([^/\]+-)?ld|collect2)[^/\]*( |$)]
  ignore line: [Change Dir: /Users/floriancaullery/CLionProjects/pqc_rainbow_signature/build/CMakeFiles/CMakeTmp]
  ignore line: []
  ignore line: [Run Build Command(s):/usr/local/bin/ninja cmTC_b829a && [1/2] Building C object CMakeFiles/cmTC_b829a.dir/CMakeCCompilerABI.c.o]
  ignore line: [Using built-in specs.]
  ignore line: [COLLECT_GCC=/usr/local/bin/gcc-10]
  ignore line: [Target: x86_64-apple-darwin19]
  ignore line: [Configured with: ../configure --build=x86_64-apple-darwin19 --prefix=/usr/local/Cellar/gcc/10.2.0 --libdir=/usr/local/Cellar/gcc/10.2.0/lib/gcc/10 --disable-nls --enable-checking=release --enable-languages=c c++ objc obj-c++ fortran --program-suffix=-10 --with-gmp=/usr/local/opt/gmp --with-mpfr=/usr/local/opt/mpfr --with-mpc=/usr/local/opt/libmpc --with-isl=/usr/local/opt/isl --with-system-zlib --with-pkgversion='Homebrew GCC 10.2.0' --with-bugurl=https://github.com/Homebrew/homebrew-core/issues --disable-multilib --with-native-system-header-dir=/usr/include --with-sysroot=/Library/Developer/CommandLineTools/SDKs/MacOSX10.15.sdk SED=/usr/bin/sed]
  ignore line: [Thread model: posix]
  ignore line: [Supported LTO compression algorithms: zlib]
  ignore line: [gcc version 10.2.0 (Homebrew GCC 10.2.0) ]
  ignore line: [COLLECT_GCC_OPTIONS='-isysroot' '/Applications/Xcode.app/Contents/Developer/Platforms/MacOSX.platform/Developer/SDKs/MacOSX10.15.sdk' '-v' '-o' 'CMakeFiles/cmTC_b829a.dir/CMakeCCompilerABI.c.o' '-c' '-mmacosx-version-min=10.15.0' '-asm_macosx_version_min=10.15' '-mtune=core2']
  ignore line: [ /usr/local/Cellar/gcc/10.2.0/libexec/gcc/x86_64-apple-darwin19/10.2.0/cc1 -quiet -v -D__DYNAMIC__ -isysroot /Applications/Xcode.app/Contents/Developer/Platforms/MacOSX.platform/Developer/SDKs/MacOSX10.15.sdk /usr/local/Cellar/cmake/3.17.3/share/cmake/Modules/CMakeCCompilerABI.c -fPIC -quiet -dumpbase CMakeCCompilerABI.c -mmacosx-version-min=10.15.0 -mtune=core2 -auxbase-strip CMakeFiles/cmTC_b829a.dir/CMakeCCompilerABI.c.o -version -o /var/folders/5n/mpj6k5rn0kqd1x438yxyj7b40000gn/T//cc6obcJu.s]
  ignore line: [GNU C17 (Homebrew GCC 10.2.0) version 10.2.0 (x86_64-apple-darwin19)]
  ignore line: [	compiled by GNU C version 10.2.0  GMP version 6.2.0  MPFR version 4.0.2  MPC version 1.1.0  isl version isl-0.22.1-GMP]
  ignore line: []
  ignore line: [warning: GMP header version 6.2.0 differs from library version 6.2.1.]
  ignore line: [warning: MPFR header version 4.0.2 differs from library version 4.1.0.]
  ignore line: [warning: MPC header version 1.1.0 differs from library version 1.2.1.]
  ignore line: [GGC heuristics: --param ggc-min-expand=100 --param ggc-min-heapsize=131072]
  ignore line: [ignoring nonexistent directory "/Applications/Xcode.app/Contents/Developer/Platforms/MacOSX.platform/Developer/SDKs/MacOSX10.15.sdk/usr/local/include"]
  ignore line: [ignoring nonexistent directory "/usr/local/Cellar/gcc/10.2.0/lib/gcc/10/gcc/x86_64-apple-darwin19/10.2.0/../../../../../../x86_64-apple-darwin19/include"]
  ignore line: [ignoring nonexistent directory "/Applications/Xcode.app/Contents/Developer/Platforms/MacOSX.platform/Developer/SDKs/MacOSX10.15.sdk/Library/Frameworks"]
  ignore line: [#include "..." search starts here:]
  ignore line: [#include <...> search starts here:]
  ignore line: [ /usr/local/Cellar/gcc/10.2.0/lib/gcc/10/gcc/x86_64-apple-darwin19/10.2.0/include]
  ignore line: [ /usr/local/Cellar/gcc/10.2.0/lib/gcc/10/gcc/x86_64-apple-darwin19/10.2.0/include-fixed]
  ignore line: [ /Applications/Xcode.app/Contents/Developer/Platforms/MacOSX.platform/Developer/SDKs/MacOSX10.15.sdk/usr/include]
  ignore line: [ /Applications/Xcode.app/Contents/Developer/Platforms/MacOSX.platform/Developer/SDKs/MacOSX10.15.sdk/System/Library/Frameworks]
  ignore line: [End of search list.]
  ignore line: [GNU C17 (Homebrew GCC 10.2.0) version 10.2.0 (x86_64-apple-darwin19)]
  ignore line: [	compiled by GNU C version 10.2.0  GMP version 6.2.0  MPFR version 4.0.2  MPC version 1.1.0  isl version isl-0.22.1-GMP]
  ignore line: []
  ignore line: [warning: GMP header version 6.2.0 differs from library version 6.2.1.]
  ignore line: [warning: MPFR header version 4.0.2 differs from library version 4.1.0.]
  ignore line: [warning: MPC header version 1.1.0 differs from library version 1.2.1.]
  ignore line: [GGC heuristics: --param ggc-min-expand=100 --param ggc-min-heapsize=131072]
  ignore line: [Compiler executable checksum: 4decf7776a312d202dddebf6816110de]
  ignore line: [COLLECT_GCC_OPTIONS='-isysroot' '/Applications/Xcode.app/Contents/Developer/Platforms/MacOSX.platform/Developer/SDKs/MacOSX10.15.sdk' '-v' '-o' 'CMakeFiles/cmTC_b829a.dir/CMakeCCompilerABI.c.o' '-c' '-mmacosx-version-min=10.15.0'  '-mtune=core2']
  ignore line: [ as -arch x86_64 -v -force_cpusubtype_ALL -mmacosx-version-min=10.15 -o CMakeFiles/cmTC_b829a.dir/CMakeCCompilerABI.c.o /var/folders/5n/mpj6k5rn0kqd1x438yxyj7b40000gn/T//cc6obcJu.s]
  ignore line: [Apple clang version 12.0.0 (clang-1200.0.32.2)]
  ignore line: [Target: x86_64-apple-darwin19.6.0]
  ignore line: [Thread model: posix]
  ignore line: [InstalledDir: /Applications/Xcode.app/Contents/Developer/Toolchains/XcodeDefault.xctoolchain/usr/bin]
  ignore line: [ "/Applications/Xcode.app/Contents/Developer/Toolchains/XcodeDefault.xctoolchain/usr/bin/clang" -cc1as -triple x86_64-apple-macosx10.15.0 -filetype obj -main-file-name cc6obcJu.s -target-cpu penryn -fdebug-compilation-dir /Users/floriancaullery/CLionProjects/pqc_rainbow_signature/build/CMakeFiles/CMakeTmp -dwarf-debug-producer "Apple clang version 12.0.0 (clang-1200.0.32.2)" -dwarf-version=4 -mrelocation-model pic -o CMakeFiles/cmTC_b829a.dir/CMakeCCompilerABI.c.o /var/folders/5n/mpj6k5rn0kqd1x438yxyj7b40000gn/T//cc6obcJu.s]
  ignore line: [COMPILER_PATH=/usr/local/Cellar/gcc/10.2.0/libexec/gcc/x86_64-apple-darwin19/10.2.0/:/usr/local/Cellar/gcc/10.2.0/libexec/gcc/x86_64-apple-darwin19/10.2.0/:/usr/local/Cellar/gcc/10.2.0/libexec/gcc/x86_64-apple-darwin19/:/usr/local/Cellar/gcc/10.2.0/lib/gcc/10/gcc/x86_64-apple-darwin19/10.2.0/:/usr/local/Cellar/gcc/10.2.0/lib/gcc/10/gcc/x86_64-apple-darwin19/]
  ignore line: [LIBRARY_PATH=/usr/local/Cellar/gcc/10.2.0/lib/gcc/10/gcc/x86_64-apple-darwin19/10.2.0/:/usr/local/Cellar/gcc/10.2.0/lib/gcc/10/gcc/x86_64-apple-darwin19/10.2.0/../../../]
  ignore line: [COLLECT_GCC_OPTIONS='-isysroot' '/Applications/Xcode.app/Contents/Developer/Platforms/MacOSX.platform/Developer/SDKs/MacOSX10.15.sdk' '-v' '-o' 'CMakeFiles/cmTC_b829a.dir/CMakeCCompilerABI.c.o' '-c' '-mmacosx-version-min=10.15.0'  '-mtune=core2']
  ignore line: [[2/2] Linking C executable cmTC_b829a]
  ignore line: [Using built-in specs.]
  ignore line: [COLLECT_GCC=/usr/local/bin/gcc-10]
  ignore line: [COLLECT_LTO_WRAPPER=/usr/local/Cellar/gcc/10.2.0/libexec/gcc/x86_64-apple-darwin19/10.2.0/lto-wrapper]
  ignore line: [Target: x86_64-apple-darwin19]
  ignore line: [Configured with: ../configure --build=x86_64-apple-darwin19 --prefix=/usr/local/Cellar/gcc/10.2.0 --libdir=/usr/local/Cellar/gcc/10.2.0/lib/gcc/10 --disable-nls --enable-checking=release --enable-languages=c c++ objc obj-c++ fortran --program-suffix=-10 --with-gmp=/usr/local/opt/gmp --with-mpfr=/usr/local/opt/mpfr --with-mpc=/usr/local/opt/libmpc --with-isl=/usr/local/opt/isl --with-system-zlib --with-pkgversion='Homebrew GCC 10.2.0' --with-bugurl=https://github.com/Homebrew/homebrew-core/issues --disable-multilib --with-native-system-header-dir=/usr/include --with-sysroot=/Library/Developer/CommandLineTools/SDKs/MacOSX10.15.sdk SED=/usr/bin/sed]
  ignore line: [Thread model: posix]
  ignore line: [Supported LTO compression algorithms: zlib]
  ignore line: [gcc version 10.2.0 (Homebrew GCC 10.2.0) ]
  ignore line: [COMPILER_PATH=/usr/local/Cellar/gcc/10.2.0/libexec/gcc/x86_64-apple-darwin19/10.2.0/:/usr/local/Cellar/gcc/10.2.0/libexec/gcc/x86_64-apple-darwin19/10.2.0/:/usr/local/Cellar/gcc/10.2.0/libexec/gcc/x86_64-apple-darwin19/:/usr/local/Cellar/gcc/10.2.0/lib/gcc/10/gcc/x86_64-apple-darwin19/10.2.0/:/usr/local/Cellar/gcc/10.2.0/lib/gcc/10/gcc/x86_64-apple-darwin19/]
  ignore line: [LIBRARY_PATH=/usr/local/Cellar/gcc/10.2.0/lib/gcc/10/gcc/x86_64-apple-darwin19/10.2.0/:/usr/local/Cellar/gcc/10.2.0/lib/gcc/10/gcc/x86_64-apple-darwin19/10.2.0/../../../]
  ignore line: [COLLECT_GCC_OPTIONS='-isysroot' '/Applications/Xcode.app/Contents/Developer/Platforms/MacOSX.platform/Developer/SDKs/MacOSX10.15.sdk' '-v' '-o' 'cmTC_b829a' '-mmacosx-version-min=10.15.0' '-asm_macosx_version_min=10.15' '-mtune=core2']
  link line: [ /usr/local/Cellar/gcc/10.2.0/libexec/gcc/x86_64-apple-darwin19/10.2.0/collect2 -dynamic -arch x86_64 -macosx_version_min 10.15.0 -syslibroot /Applications/Xcode.app/Contents/Developer/Platforms/MacOSX.platform/Developer/SDKs/MacOSX10.15.sdk -weak_reference_mismatches non-weak -o cmTC_b829a -L/usr/local/Cellar/gcc/10.2.0/lib/gcc/10/gcc/x86_64-apple-darwin19/10.2.0 -L/usr/local/Cellar/gcc/10.2.0/lib/gcc/10/gcc/x86_64-apple-darwin19/10.2.0/../../.. -search_paths_first -headerpad_max_install_names -v CMakeFiles/cmTC_b829a.dir/CMakeCCompilerABI.c.o -lSystem -lgcc_ext.10.5 -lgcc -lSystem -no_compact_unwind -v]
    arg [/usr/local/Cellar/gcc/10.2.0/libexec/gcc/x86_64-apple-darwin19/10.2.0/collect2] ==> ignore
    arg [-dynamic] ==> ignore
    arg [-arch] ==> ignore
    arg [x86_64] ==> ignore
    arg [-macosx_version_min] ==> ignore
    arg [10.15.0] ==> ignore
    arg [-syslibroot] ==> ignore
    arg [/Applications/Xcode.app/Contents/Developer/Platforms/MacOSX.platform/Developer/SDKs/MacOSX10.15.sdk] ==> ignore
    arg [-weak_reference_mismatches] ==> ignore
    arg [non-weak] ==> ignore
    arg [-o] ==> ignore
    arg [cmTC_b829a] ==> ignore
    arg [-L/usr/local/Cellar/gcc/10.2.0/lib/gcc/10/gcc/x86_64-apple-darwin19/10.2.0] ==> dir [/usr/local/Cellar/gcc/10.2.0/lib/gcc/10/gcc/x86_64-apple-darwin19/10.2.0]
    arg [-L/usr/local/Cellar/gcc/10.2.0/lib/gcc/10/gcc/x86_64-apple-darwin19/10.2.0/../../..] ==> dir [/usr/local/Cellar/gcc/10.2.0/lib/gcc/10/gcc/x86_64-apple-darwin19/10.2.0/../../..]
    arg [-search_paths_first] ==> ignore
    arg [-headerpad_max_install_names] ==> ignore
    arg [-v] ==> ignore
    arg [CMakeFiles/cmTC_b829a.dir/CMakeCCompilerABI.c.o] ==> ignore
    arg [-lSystem] ==> lib [System]
    arg [-lgcc_ext.10.5] ==> lib [gcc_ext.10.5]
    arg [-lgcc] ==> lib [gcc]
    arg [-lSystem] ==> lib [System]
    arg [-no_compact_unwind] ==> ignore
    arg [-v] ==> ignore
  Library search paths: [;/usr/local/Cellar/gcc/10.2.0/lib/gcc/10/gcc/x86_64-apple-darwin19/10.2.0;/usr/local/Cellar/gcc/10.2.0/lib/gcc/10;/Applications/Xcode.app/Contents/Developer/Platforms/MacOSX.platform/Developer/SDKs/MacOSX10.15.sdk/usr/lib]
  Framework search paths: [;/Applications/Xcode.app/Contents/Developer/Platforms/MacOSX.platform/Developer/SDKs/MacOSX10.15.sdk/System/Library/Frameworks/]
  remove lib [System]
  remove lib [System]
  collapse library dir [/usr/local/Cellar/gcc/10.2.0/lib/gcc/10/gcc/x86_64-apple-darwin19/10.2.0] ==> [/usr/local/Cellar/gcc/10.2.0/lib/gcc/10/gcc/x86_64-apple-darwin19/10.2.0]
  collapse library dir [/usr/local/Cellar/gcc/10.2.0/lib/gcc/10/gcc/x86_64-apple-darwin19/10.2.0/../../..] ==> [/usr/local/Cellar/gcc/10.2.0/lib/gcc/10]
  collapse library dir [/usr/local/Cellar/gcc/10.2.0/lib/gcc/10/gcc/x86_64-apple-darwin19/10.2.0] ==> [/usr/local/Cellar/gcc/10.2.0/lib/gcc/10/gcc/x86_64-apple-darwin19/10.2.0]
  collapse library dir [/usr/local/Cellar/gcc/10.2.0/lib/gcc/10] ==> [/usr/local/Cellar/gcc/10.2.0/lib/gcc/10]
  collapse library dir [/Applications/Xcode.app/Contents/Developer/Platforms/MacOSX.platform/Developer/SDKs/MacOSX10.15.sdk/usr/lib] ==> [/Applications/Xcode.app/Contents/Developer/Platforms/MacOSX.platform/Developer/SDKs/MacOSX10.15.sdk/usr/lib]
  collapse framework dir [/Applications/Xcode.app/Contents/Developer/Platforms/MacOSX.platform/Developer/SDKs/MacOSX10.15.sdk/System/Library/Frameworks/] ==> [/Applications/Xcode.app/Contents/Developer/Platforms/MacOSX.platform/Developer/SDKs/MacOSX10.15.sdk/System/Library/Frameworks]
  implicit libs: [gcc_ext.10.5;gcc]
  implicit dirs: [/usr/local/Cellar/gcc/10.2.0/lib/gcc/10/gcc/x86_64-apple-darwin19/10.2.0;/usr/local/Cellar/gcc/10.2.0/lib/gcc/10;/Applications/Xcode.app/Contents/Developer/Platforms/MacOSX.platform/Developer/SDKs/MacOSX10.15.sdk/usr/lib]
  implicit fwks: [/Applications/Xcode.app/Contents/Developer/Platforms/MacOSX.platform/Developer/SDKs/MacOSX10.15.sdk/System/Library/Frameworks]


Compiling the CXX compiler identification source file "CMakeCXXCompilerId.cpp" succeeded.
Compiler: /usr/local/bin/g++-10 
Build flags: 
Id flags:  

The output was:
0


Compilation of the CXX compiler identification source "CMakeCXXCompilerId.cpp" produced "a.out"

The CXX compiler identification is GNU, found in "/Users/floriancaullery/CLionProjects/pqc_rainbow_signature/build/CMakeFiles/3.17.3/CompilerIdCXX/a.out"

Determining if the CXX compiler works passed with the following output:
Change Dir: /Users/floriancaullery/CLionProjects/pqc_rainbow_signature/build/CMakeFiles/CMakeTmp

Run Build Command(s):/usr/local/bin/ninja cmTC_e1626 && [1/2] Building CXX object CMakeFiles/cmTC_e1626.dir/testCXXCompiler.cxx.o
[2/2] Linking CXX executable cmTC_e1626



Detecting CXX compiler ABI info compiled with the following output:
Change Dir: /Users/floriancaullery/CLionProjects/pqc_rainbow_signature/build/CMakeFiles/CMakeTmp

Run Build Command(s):/usr/local/bin/ninja cmTC_afd2f && [1/2] Building CXX object CMakeFiles/cmTC_afd2f.dir/CMakeCXXCompilerABI.cpp.o
Using built-in specs.
COLLECT_GCC=/usr/local/bin/g++-10
Target: x86_64-apple-darwin19
Configured with: ../configure --build=x86_64-apple-darwin19 --prefix=/usr/local/Cellar/gcc/10.2.0 --libdir=/usr/local/Cellar/gcc/10.2.0/lib/gcc/10 --disable-nls --enable-checking=release --enable-languages=c,c++,objc,obj-c++,fortran --program-suffix=-10 --with-gmp=/usr/local/opt/gmp --with-mpfr=/usr/local/opt/mpfr --with-mpc=/usr/local/opt/libmpc --with-isl=/usr/local/opt/isl --with-system-zlib --with-pkgversion='Homebrew GCC 10.2.0' --with-bugurl=https://github.com/Homebrew/homebrew-core/issues --disable-multilib --with-native-system-header-dir=/usr/include --with-sysroot=/Library/Developer/CommandLineTools/SDKs/MacOSX10.15.sdk SED=/usr/bin/sed
Thread model: posix
Supported LTO compression algorithms: zlib
gcc version 10.2.0 (Homebrew GCC 10.2.0) 
COLLECT_GCC_OPTIONS='-isysroot' '/Applications/Xcode.app/Contents/Developer/Platforms/MacOSX.platform/Developer/SDKs/MacOSX10.15.sdk' '-v' '-std=gnu++14' '-o' 'CMakeFiles/cmTC_afd2f.dir/CMakeCXXCompilerABI.cpp.o' '-c' '-mmacosx-version-min=10.15.0' '-asm_macosx_version_min=10.15' '-shared-libgcc' '-mtune=core2'
 /usr/local/Cellar/gcc/10.2.0/libexec/gcc/x86_64-apple-darwin19/10.2.0/cc1plus -quiet -v -D__DYNAMIC__ -isysroot /Applications/Xcode.app/Contents/Developer/Platforms/MacOSX.platform/Developer/SDKs/MacOSX10.15.sdk /usr/local/Cellar/cmake/3.17.3/share/cmake/Modules/CMakeCXXCompilerABI.cpp -fPIC -quiet -dumpbase CMakeCXXCompilerABI.cpp -mmacosx-version-min=10.15.0 -mtune=core2 -auxbase-strip CMakeFiles/cmTC_afd2f.dir/CMakeCXXCompilerABI.cpp.o -std=gnu++14 -version -o /var/folders/5n/mpj6k5rn0kqd1x438yxyj7b40000gn/T//ccFoJAyV.s
GNU C++14 (Homebrew GCC 10.2.0) version 10.2.0 (x86_64-apple-darwin19)
	compiled by GNU C version 10.2.0, GMP version 6.2.0, MPFR version 4.0.2, MPC version 1.1.0, isl version isl-0.22.1-GMP

warning: GMP header version 6.2.0 differs from library version 6.2.1.
warning: MPFR header version 4.0.2 differs from library version 4.1.0.
warning: MPC header version 1.1.0 differs from library version 1.2.1.
GGC heuristics: --param ggc-min-expand=100 --param ggc-min-heapsize=131072
ignoring nonexistent directory "/Applications/Xcode.app/Contents/Developer/Platforms/MacOSX.platform/Developer/SDKs/MacOSX10.15.sdk/usr/local/include"
ignoring nonexistent directory "/usr/local/Cellar/gcc/10.2.0/lib/gcc/10/gcc/x86_64-apple-darwin19/10.2.0/../../../../../../x86_64-apple-darwin19/include"
ignoring nonexistent directory "/Applications/Xcode.app/Contents/Developer/Platforms/MacOSX.platform/Developer/SDKs/MacOSX10.15.sdk/Library/Frameworks"
#include "..." search starts here:
#include <...> search starts here:
 /usr/local/Cellar/gcc/10.2.0/lib/gcc/10/gcc/x86_64-apple-darwin19/10.2.0/../../../../../../include/c++/10.2.0
 /usr/local/Cellar/gcc/10.2.0/lib/gcc/10/gcc/x86_64-apple-darwin19/10.2.0/../../../../../../include/c++/10.2.0/x86_64-apple-darwin19
 /usr/local/Cellar/gcc/10.2.0/lib/gcc/10/gcc/x86_64-apple-darwin19/10.2.0/../../../../../../include/c++/10.2.0/backward
 /usr/local/Cellar/gcc/10.2.0/lib/gcc/10/gcc/x86_64-apple-darwin19/10.2.0/include
 /usr/local/Cellar/gcc/10.2.0/lib/gcc/10/gcc/x86_64-apple-darwin19/10.2.0/include-fixed
 /Applications/Xcode.app/Contents/Developer/Platforms/MacOSX.platform/Developer/SDKs/MacOSX10.15.sdk/usr/include
 /Applications/Xcode.app/Contents/Developer/Platforms/MacOSX.platform/Developer/SDKs/MacOSX10.15.sdk/System/Library/Frameworks
End of search list.
GNU C++14 (Homebrew GCC 10.2.0) version 10.2.0 (x86_64-apple-darwin19)
	compiled by GNU C version 10.2.0, GMP version 6.2.0, MPFR version 4.0.2, MPC version 1.1.0, isl version isl-0.22.1-GMP

warning: GMP header version 6.2.0 differs from library version 6.2.1.
warning: MPFR header version 4.0.2 differs from library version 4.1.0.
warning: MPC header version 1.1.0 differs from library version 1.2.1.
GGC heuristics: --param ggc-min-expand=100 --param ggc-min-heapsize=131072
Compiler executable checksum: ed6cb2c185a591167d9b34a5c166d800
COLLECT_GCC_OPTIONS='-isysroot' '/Applications/Xcode.app/Contents/Developer/Platforms/MacOSX.platform/Developer/SDKs/MacOSX10.15.sdk' '-v' '-std=gnu++14' '-o' 'CMakeFiles/cmTC_afd2f.dir/CMakeCXXCompilerABI.cpp.o' '-c' '-mmacosx-version-min=10.15.0'  '-shared-libgcc' '-mtune=core2'
 as -arch x86_64 -v -force_cpusubtype_ALL -mmacosx-version-min=10.15 -o CMakeFiles/cmTC_afd2f.dir/CMakeCXXCompilerABI.cpp.o /var/folders/5n/mpj6k5rn0kqd1x438yxyj7b40000gn/T//ccFoJAyV.s
Apple clang version 12.0.0 (clang-1200.0.32.2)
Target: x86_64-apple-darwin19.6.0
Thread model: posix
InstalledDir: /Applications/Xcode.app/Contents/Developer/Toolchains/XcodeDefault.xctoolchain/usr/bin
 "/Applications/Xcode.app/Contents/Developer/Toolchains/XcodeDefault.xctoolchain/usr/bin/clang" -cc1as -triple x86_64-apple-macosx10.15.0 -filetype obj -main-file-name ccFoJAyV.s -target-cpu penryn -fdebug-compilation-dir /Users/floriancaullery/CLionProjects/pqc_rainbow_signature/build/CMakeFiles/CMakeTmp -dwarf-debug-producer "Apple clang version 12.0.0 (clang-1200.0.32.2)" -dwarf-version=4 -mrelocation-model pic -o CMakeFiles/cmTC_afd2f.dir/CMakeCXXCompilerABI.cpp.o /var/folders/5n/mpj6k5rn0kqd1x438yxyj7b40000gn/T//ccFoJAyV.s
COMPILER_PATH=/usr/local/Cellar/gcc/10.2.0/libexec/gcc/x86_64-apple-darwin19/10.2.0/:/usr/local/Cellar/gcc/10.2.0/libexec/gcc/x86_64-apple-darwin19/10.2.0/:/usr/local/Cellar/gcc/10.2.0/libexec/gcc/x86_64-apple-darwin19/:/usr/local/Cellar/gcc/10.2.0/lib/gcc/10/gcc/x86_64-apple-darwin19/10.2.0/:/usr/local/Cellar/gcc/10.2.0/lib/gcc/10/gcc/x86_64-apple-darwin19/
LIBRARY_PATH=/usr/local/Cellar/gcc/10.2.0/lib/gcc/10/gcc/x86_64-apple-darwin19/10.2.0/:/usr/local/Cellar/gcc/10.2.0/lib/gcc/10/gcc/x86_64-apple-darwin19/10.2.0/../../../
COLLECT_GCC_OPTIONS='-isysroot' '/Applications/Xcode.app/Contents/Developer/Platforms/MacOSX.platform/Developer/SDKs/MacOSX10.15.sdk' '-v' '-std=gnu++14' '-o' 'CMakeFiles/cmTC_afd2f.dir/CMakeCXXCompilerABI.cpp.o' '-c' '-mmacosx-version-min=10.15.0'  '-shared-libgcc' '-mtune=core2'
[2/2] Linking CXX executable cmTC_afd2f
Using built-in specs.
COLLECT_GCC=/usr/local/bin/g++-10
COLLECT_LTO_WRAPPER=/usr/local/Cellar/gcc/10.2.0/libexec/gcc/x86_64-apple-darwin19/10.2.0/lto-wrapper
Target: x86_64-apple-darwin19
Configured with: ../configure --build=x86_64-apple-darwin19 --prefix=/usr/local/Cellar/gcc/10.2.0 --libdir=/usr/local/Cellar/gcc/10.2.0/lib/gcc/10 --disable-nls --enable-checking=release --enable-languages=c,c++,objc,obj-c++,fortran --program-suffix=-10 --with-gmp=/usr/local/opt/gmp --with-mpfr=/usr/local/opt/mpfr --with-mpc=/usr/local/opt/libmpc --with-isl=/usr/local/opt/isl --with-system-zlib --with-pkgversion='Homebrew GCC 10.2.0' --with-bugurl=https://github.com/Homebrew/homebrew-core/issues --disable-multilib --with-native-system-header-dir=/usr/include --with-sysroot=/Library/Developer/CommandLineTools/SDKs/MacOSX10.15.sdk SED=/usr/bin/sed
Thread model: posix
Supported LTO compression algorithms: zlib
gcc version 10.2.0 (Homebrew GCC 10.2.0) 
COMPILER_PATH=/usr/local/Cellar/gcc/10.2.0/libexec/gcc/x86_64-apple-darwin19/10.2.0/:/usr/local/Cellar/gcc/10.2.0/libexec/gcc/x86_64-apple-darwin19/10.2.0/:/usr/local/Cellar/gcc/10.2.0/libexec/gcc/x86_64-apple-darwin19/:/usr/local/Cellar/gcc/10.2.0/lib/gcc/10/gcc/x86_64-apple-darwin19/10.2.0/:/usr/local/Cellar/gcc/10.2.0/lib/gcc/10/gcc/x86_64-apple-darwin19/
LIBRARY_PATH=/usr/local/Cellar/gcc/10.2.0/lib/gcc/10/gcc/x86_64-apple-darwin19/10.2.0/:/usr/local/Cellar/gcc/10.2.0/lib/gcc/10/gcc/x86_64-apple-darwin19/10.2.0/../../../
COLLECT_GCC_OPTIONS='-isysroot' '/Applications/Xcode.app/Contents/Developer/Platforms/MacOSX.platform/Developer/SDKs/MacOSX10.15.sdk' '-v' '-o' 'cmTC_afd2f' '-mmacosx-version-min=10.15.0' '-asm_macosx_version_min=10.15' '-shared-libgcc' '-mtune=core2'
 /usr/local/Cellar/gcc/10.2.0/libexec/gcc/x86_64-apple-darwin19/10.2.0/collect2 -dynamic -arch x86_64 -macosx_version_min 10.15.0 -syslibroot /Applications/Xcode.app/Contents/Developer/Platforms/MacOSX.platform/Developer/SDKs/MacOSX10.15.sdk -weak_reference_mismatches non-weak -o cmTC_afd2f -L/usr/local/Cellar/gcc/10.2.0/lib/gcc/10/gcc/x86_64-apple-darwin19/10.2.0 -L/usr/local/Cellar/gcc/10.2.0/lib/gcc/10/gcc/x86_64-apple-darwin19/10.2.0/../../.. -search_paths_first -headerpad_max_install_names -v CMakeFiles/cmTC_afd2f.dir/CMakeCXXCompilerABI.cpp.o -lstdc++ -lSystem -lgcc_ext.10.5 -lgcc -lSystem -no_compact_unwind -v
collect2 version 10.2.0
/usr/bin/ld -dynamic -arch x86_64 -macosx_version_min 10.15.0 -syslibroot /Applications/Xcode.app/Contents/Developer/Platforms/MacOSX.platform/Developer/SDKs/MacOSX10.15.sdk -weak_reference_mismatches non-weak -o cmTC_afd2f -L/usr/local/Cellar/gcc/10.2.0/lib/gcc/10/gcc/x86_64-apple-darwin19/10.2.0 -L/usr/local/Cellar/gcc/10.2.0/lib/gcc/10/gcc/x86_64-apple-darwin19/10.2.0/../../.. -search_paths_first -headerpad_max_install_names -v CMakeFiles/cmTC_afd2f.dir/CMakeCXXCompilerABI.cpp.o -lstdc++ -lSystem -lgcc_ext.10.5 -lgcc -lSystem -no_compact_unwind -v
@(#)PROGRAM:ld  PROJECT:ld64-609
BUILD 07:59:13 Aug 25 2020
configured to support archs: armv6 armv7 armv7s arm64 arm64e arm64_32 i386 x86_64 x86_64h armv6m armv7k armv7m armv7em
@(#)PROGRAM:ld  PROJECT:ld64-609
BUILD 07:59:13 Aug 25 2020
configured to support archs: armv6 armv7 armv7s arm64 arm64e arm64_32 i386 x86_64 x86_64h armv6m armv7k armv7m armv7em
Library search paths:
	/usr/local/Cellar/gcc/10.2.0/lib/gcc/10/gcc/x86_64-apple-darwin19/10.2.0
	/usr/local/Cellar/gcc/10.2.0/lib/gcc/10
	/Applications/Xcode.app/Contents/Developer/Platforms/MacOSX.platform/Developer/SDKs/MacOSX10.15.sdk/usr/lib
Framework search paths:
	/Applications/Xcode.app/Contents/Developer/Platforms/MacOSX.platform/Developer/SDKs/MacOSX10.15.sdk/System/Library/Frameworks/



Parsed CXX implicit include dir info from above output: rv=done
  found start of include info
  found start of implicit include info
    add: [/usr/local/Cellar/gcc/10.2.0/lib/gcc/10/gcc/x86_64-apple-darwin19/10.2.0/../../../../../../include/c++/10.2.0]
    add: [/usr/local/Cellar/gcc/10.2.0/lib/gcc/10/gcc/x86_64-apple-darwin19/10.2.0/../../../../../../include/c++/10.2.0/x86_64-apple-darwin19]
    add: [/usr/local/Cellar/gcc/10.2.0/lib/gcc/10/gcc/x86_64-apple-darwin19/10.2.0/../../../../../../include/c++/10.2.0/backward]
    add: [/usr/local/Cellar/gcc/10.2.0/lib/gcc/10/gcc/x86_64-apple-darwin19/10.2.0/include]
    add: [/usr/local/Cellar/gcc/10.2.0/lib/gcc/10/gcc/x86_64-apple-darwin19/10.2.0/include-fixed]
    add: [/Applications/Xcode.app/Contents/Developer/Platforms/MacOSX.platform/Developer/SDKs/MacOSX10.15.sdk/usr/include]
    add: [/Applications/Xcode.app/Contents/Developer/Platforms/MacOSX.platform/Developer/SDKs/MacOSX10.15.sdk/System/Library/Frameworks]
  end of search list found
  collapse include dir [/usr/local/Cellar/gcc/10.2.0/lib/gcc/10/gcc/x86_64-apple-darwin19/10.2.0/../../../../../../include/c++/10.2.0] ==> [/usr/local/Cellar/gcc/10.2.0/include/c++/10.2.0]
  collapse include dir [/usr/local/Cellar/gcc/10.2.0/lib/gcc/10/gcc/x86_64-apple-darwin19/10.2.0/../../../../../../include/c++/10.2.0/x86_64-apple-darwin19] ==> [/usr/local/Cellar/gcc/10.2.0/include/c++/10.2.0/x86_64-apple-darwin19]
  collapse include dir [/usr/local/Cellar/gcc/10.2.0/lib/gcc/10/gcc/x86_64-apple-darwin19/10.2.0/../../../../../../include/c++/10.2.0/backward] ==> [/usr/local/Cellar/gcc/10.2.0/include/c++/10.2.0/backward]
  collapse include dir [/usr/local/Cellar/gcc/10.2.0/lib/gcc/10/gcc/x86_64-apple-darwin19/10.2.0/include] ==> [/usr/local/Cellar/gcc/10.2.0/lib/gcc/10/gcc/x86_64-apple-darwin19/10.2.0/include]
  collapse include dir [/usr/local/Cellar/gcc/10.2.0/lib/gcc/10/gcc/x86_64-apple-darwin19/10.2.0/include-fixed] ==> [/usr/local/Cellar/gcc/10.2.0/lib/gcc/10/gcc/x86_64-apple-darwin19/10.2.0/include-fixed]
  collapse include dir [/Applications/Xcode.app/Contents/Developer/Platforms/MacOSX.platform/Developer/SDKs/MacOSX10.15.sdk/usr/include] ==> [/Applications/Xcode.app/Contents/Developer/Platforms/MacOSX.platform/Developer/SDKs/MacOSX10.15.sdk/usr/include]
  collapse include dir [/Applications/Xcode.app/Contents/Developer/Platforms/MacOSX.platform/Developer/SDKs/MacOSX10.15.sdk/System/Library/Frameworks] ==> [/Applications/Xcode.app/Contents/Developer/Platforms/MacOSX.platform/Developer/SDKs/MacOSX10.15.sdk/System/Library/Frameworks]
  implicit include dirs: [/usr/local/Cellar/gcc/10.2.0/include/c++/10.2.0;/usr/local/Cellar/gcc/10.2.0/include/c++/10.2.0/x86_64-apple-darwin19;/usr/local/Cellar/gcc/10.2.0/include/c++/10.2.0/backward;/usr/local/Cellar/gcc/10.2.0/lib/gcc/10/gcc/x86_64-apple-darwin19/10.2.0/include;/usr/local/Cellar/gcc/10.2.0/lib/gcc/10/gcc/x86_64-apple-darwin19/10.2.0/include-fixed;/Applications/Xcode.app/Contents/Developer/Platforms/MacOSX.platform/Developer/SDKs/MacOSX10.15.sdk/usr/include;/Applications/Xcode.app/Contents/Developer/Platforms/MacOSX.platform/Developer/SDKs/MacOSX10.15.sdk/System/Library/Frameworks]


Parsed CXX implicit link information from above output:
  link line regex: [^( *|.*[/\])(ld|CMAKE_LINK_STARTFILE-NOTFOUND|([^/\]+-)?ld|collect2)[^/\]*( |$)]
  ignore line: [Change Dir: /Users/floriancaullery/CLionProjects/pqc_rainbow_signature/build/CMakeFiles/CMakeTmp]
  ignore line: []
  ignore line: [Run Build Command(s):/usr/local/bin/ninja cmTC_afd2f && [1/2] Building CXX object CMakeFiles/cmTC_afd2f.dir/CMakeCXXCompilerABI.cpp.o]
  ignore line: [Using built-in specs.]
  ignore line: [COLLECT_GCC=/usr/local/bin/g++-10]
  ignore line: [Target: x86_64-apple-darwin19]
  ignore line: [Configured with: ../configure --build=x86_64-apple-darwin19 --prefix=/usr/local/Cellar/gcc/10.2.0 --libdir=/usr/local/Cellar/gcc/10.2.0/lib/gcc/10 --disable-nls --enable-checking=release --enable-languages=c c++ objc obj-c++ fortran --program-suffix=-10 --with-gmp=/usr/local/opt/gmp --with-mpfr=/usr/local/opt/mpfr --with-mpc=/usr/local/opt/libmpc --with-isl=/usr/local/opt/isl --with-system-zlib --with-pkgversion='Homebrew GCC 10.2.0' --with-bugurl=https://github.com/Homebrew/homebrew-core/issues --disable-multilib --with-native-system-header-dir=/usr/include --with-sysroot=/Library/Developer/CommandLineTools/SDKs/MacOSX10.15.sdk SED=/usr/bin/sed]
  ignore line: [Thread model: posix]
  ignore line: [Supported LTO compression algorithms: zlib]
  ignore line: [gcc version 10.2.0 (Homebrew GCC 10.2.0) ]
  ignore line: [COLLECT_GCC_OPTIONS='-isysroot' '/Applications/Xcode.app/Contents/Developer/Platforms/MacOSX.platform/Developer/SDKs/MacOSX10.15.sdk' '-v' '-std=gnu++14' '-o' 'CMakeFiles/cmTC_afd2f.dir/CMakeCXXCompilerABI.cpp.o' '-c' '-mmacosx-version-min=10.15.0' '-asm_macosx_version_min=10.15' '-shared-libgcc' '-mtune=core2']
  ignore line: [ /usr/local/Cellar/gcc/10.2.0/libexec/gcc/x86_64-apple-darwin19/10.2.0/cc1plus -quiet -v -D__DYNAMIC__ -isysroot /Applications/Xcode.app/Contents/Developer/Platforms/MacOSX.platform/Developer/SDKs/MacOSX10.15.sdk /usr/local/Cellar/cmake/3.17.3/share/cmake/Modules/CMakeCXXCompilerABI.cpp -fPIC -quiet -dumpbase CMakeCXXCompilerABI.cpp -mmacosx-version-min=10.15.0 -mtune=core2 -auxbase-strip CMakeFiles/cmTC_afd2f.dir/CMakeCXXCompilerABI.cpp.o -std=gnu++14 -version -o /var/folders/5n/mpj6k5rn0kqd1x438yxyj7b40000gn/T//ccFoJAyV.s]
  ignore line: [GNU C++14 (Homebrew GCC 10.2.0) version 10.2.0 (x86_64-apple-darwin19)]
  ignore line: [	compiled by GNU C version 10.2.0  GMP version 6.2.0  MPFR version 4.0.2  MPC version 1.1.0  isl version isl-0.22.1-GMP]
  ignore line: []
  ignore line: [warning: GMP header version 6.2.0 differs from library version 6.2.1.]
  ignore line: [warning: MPFR header version 4.0.2 differs from library version 4.1.0.]
  ignore line: [warning: MPC header version 1.1.0 differs from library version 1.2.1.]
  ignore line: [GGC heuristics: --param ggc-min-expand=100 --param ggc-min-heapsize=131072]
  ignore line: [ignoring nonexistent directory "/Applications/Xcode.app/Contents/Developer/Platforms/MacOSX.platform/Developer/SDKs/MacOSX10.15.sdk/usr/local/include"]
  ignore line: [ignoring nonexistent directory "/usr/local/Cellar/gcc/10.2.0/lib/gcc/10/gcc/x86_64-apple-darwin19/10.2.0/../../../../../../x86_64-apple-darwin19/include"]
  ignore line: [ignoring nonexistent directory "/Applications/Xcode.app/Contents/Developer/Platforms/MacOSX.platform/Developer/SDKs/MacOSX10.15.sdk/Library/Frameworks"]
  ignore line: [#include "..." search starts here:]
  ignore line: [#include <...> search starts here:]
  ignore line: [ /usr/local/Cellar/gcc/10.2.0/lib/gcc/10/gcc/x86_64-apple-darwin19/10.2.0/../../../../../../include/c++/10.2.0]
  ignore line: [ /usr/local/Cellar/gcc/10.2.0/lib/gcc/10/gcc/x86_64-apple-darwin19/10.2.0/../../../../../../include/c++/10.2.0/x86_64-apple-darwin19]
  ignore line: [ /usr/local/Cellar/gcc/10.2.0/lib/gcc/10/gcc/x86_64-apple-darwin19/10.2.0/../../../../../../include/c++/10.2.0/backward]
  ignore line: [ /usr/local/Cellar/gcc/10.2.0/lib/gcc/10/gcc/x86_64-apple-darwin19/10.2.0/include]
  ignore line: [ /usr/local/Cellar/gcc/10.2.0/lib/gcc/10/gcc/x86_64-apple-darwin19/10.2.0/include-fixed]
  ignore line: [ /Applications/Xcode.app/Contents/Developer/Platforms/MacOSX.platform/Developer/SDKs/MacOSX10.15.sdk/usr/include]
  ignore line: [ /Applications/Xcode.app/Contents/Developer/Platforms/MacOSX.platform/Developer/SDKs/MacOSX10.15.sdk/System/Library/Frameworks]
  ignore line: [End of search list.]
  ignore line: [GNU C++14 (Homebrew GCC 10.2.0) version 10.2.0 (x86_64-apple-darwin19)]
  ignore line: [	compiled by GNU C version 10.2.0  GMP version 6.2.0  MPFR version 4.0.2  MPC version 1.1.0  isl version isl-0.22.1-GMP]
  ignore line: []
  ignore line: [warning: GMP header version 6.2.0 differs from library version 6.2.1.]
  ignore line: [warning: MPFR header version 4.0.2 differs from library version 4.1.0.]
  ignore line: [warning: MPC header version 1.1.0 differs from library version 1.2.1.]
  ignore line: [GGC heuristics: --param ggc-min-expand=100 --param ggc-min-heapsize=131072]
  ignore line: [Compiler executable checksum: ed6cb2c185a591167d9b34a5c166d800]
  ignore line: [COLLECT_GCC_OPTIONS='-isysroot' '/Applications/Xcode.app/Contents/Developer/Platforms/MacOSX.platform/Developer/SDKs/MacOSX10.15.sdk' '-v' '-std=gnu++14' '-o' 'CMakeFiles/cmTC_afd2f.dir/CMakeCXXCompilerABI.cpp.o' '-c' '-mmacosx-version-min=10.15.0'  '-shared-libgcc' '-mtune=core2']
  ignore line: [ as -arch x86_64 -v -force_cpusubtype_ALL -mmacosx-version-min=10.15 -o CMakeFiles/cmTC_afd2f.dir/CMakeCXXCompilerABI.cpp.o /var/folders/5n/mpj6k5rn0kqd1x438yxyj7b40000gn/T//ccFoJAyV.s]
  ignore line: [Apple clang version 12.0.0 (clang-1200.0.32.2)]
  ignore line: [Target: x86_64-apple-darwin19.6.0]
  ignore line: [Thread model: posix]
  ignore line: [InstalledDir: /Applications/Xcode.app/Contents/Developer/Toolchains/XcodeDefault.xctoolchain/usr/bin]
  ignore line: [ "/Applications/Xcode.app/Contents/Developer/Toolchains/XcodeDefault.xctoolchain/usr/bin/clang" -cc1as -triple x86_64-apple-macosx10.15.0 -filetype obj -main-file-name ccFoJAyV.s -target-cpu penryn -fdebug-compilation-dir /Users/floriancaullery/CLionProjects/pqc_rainbow_signature/build/CMakeFiles/CMakeTmp -dwarf-debug-producer "Apple clang version 12.0.0 (clang-1200.0.32.2)" -dwarf-version=4 -mrelocation-model pic -o CMakeFiles/cmTC_afd2f.dir/CMakeCXXCompilerABI.cpp.o /var/folders/5n/mpj6k5rn0kqd1x438yxyj7b40000gn/T//ccFoJAyV.s]
  ignore line: [COMPILER_PATH=/usr/local/Cellar/gcc/10.2.0/libexec/gcc/x86_64-apple-darwin19/10.2.0/:/usr/local/Cellar/gcc/10.2.0/libexec/gcc/x86_64-apple-darwin19/10.2.0/:/usr/local/Cellar/gcc/10.2.0/libexec/gcc/x86_64-apple-darwin19/:/usr/local/Cellar/gcc/10.2.0/lib/gcc/10/gcc/x86_64-apple-darwin19/10.2.0/:/usr/local/Cellar/gcc/10.2.0/lib/gcc/10/gcc/x86_64-apple-darwin19/]
  ignore line: [LIBRARY_PATH=/usr/local/Cellar/gcc/10.2.0/lib/gcc/10/gcc/x86_64-apple-darwin19/10.2.0/:/usr/local/Cellar/gcc/10.2.0/lib/gcc/10/gcc/x86_64-apple-darwin19/10.2.0/../../../]
  ignore line: [COLLECT_GCC_OPTIONS='-isysroot' '/Applications/Xcode.app/Contents/Developer/Platforms/MacOSX.platform/Developer/SDKs/MacOSX10.15.sdk' '-v' '-std=gnu++14' '-o' 'CMakeFiles/cmTC_afd2f.dir/CMakeCXXCompilerABI.cpp.o' '-c' '-mmacosx-version-min=10.15.0'  '-shared-libgcc' '-mtune=core2']
  ignore line: [[2/2] Linking CXX executable cmTC_afd2f]
  ignore line: [Using built-in specs.]
  ignore line: [COLLECT_GCC=/usr/local/bin/g++-10]
  ignore line: [COLLECT_LTO_WRAPPER=/usr/local/Cellar/gcc/10.2.0/libexec/gcc/x86_64-apple-darwin19/10.2.0/lto-wrapper]
  ignore line: [Target: x86_64-apple-darwin19]
  ignore line: [Configured with: ../configure --build=x86_64-apple-darwin19 --prefix=/usr/local/Cellar/gcc/10.2.0 --libdir=/usr/local/Cellar/gcc/10.2.0/lib/gcc/10 --disable-nls --enable-checking=release --enable-languages=c c++ objc obj-c++ fortran --program-suffix=-10 --with-gmp=/usr/local/opt/gmp --with-mpfr=/usr/local/opt/mpfr --with-mpc=/usr/local/opt/libmpc --with-isl=/usr/local/opt/isl --with-system-zlib --with-pkgversion='Homebrew GCC 10.2.0' --with-bugurl=https://github.com/Homebrew/homebrew-core/issues --disable-multilib --with-native-system-header-dir=/usr/include --with-sysroot=/Library/Developer/CommandLineTools/SDKs/MacOSX10.15.sdk SED=/usr/bin/sed]
  ignore line: [Thread model: posix]
  ignore line: [Supported LTO compression algorithms: zlib]
  ignore line: [gcc version 10.2.0 (Homebrew GCC 10.2.0) ]
  ignore line: [COMPILER_PATH=/usr/local/Cellar/gcc/10.2.0/libexec/gcc/x86_64-apple-darwin19/10.2.0/:/usr/local/Cellar/gcc/10.2.0/libexec/gcc/x86_64-apple-darwin19/10.2.0/:/usr/local/Cellar/gcc/10.2.0/libexec/gcc/x86_64-apple-darwin19/:/usr/local/Cellar/gcc/10.2.0/lib/gcc/10/gcc/x86_64-apple-darwin19/10.2.0/:/usr/local/Cellar/gcc/10.2.0/lib/gcc/10/gcc/x86_64-apple-darwin19/]
  ignore line: [LIBRARY_PATH=/usr/local/Cellar/gcc/10.2.0/lib/gcc/10/gcc/x86_64-apple-darwin19/10.2.0/:/usr/local/Cellar/gcc/10.2.0/lib/gcc/10/gcc/x86_64-apple-darwin19/10.2.0/../../../]
  ignore line: [COLLECT_GCC_OPTIONS='-isysroot' '/Applications/Xcode.app/Contents/Developer/Platforms/MacOSX.platform/Developer/SDKs/MacOSX10.15.sdk' '-v' '-o' 'cmTC_afd2f' '-mmacosx-version-min=10.15.0' '-asm_macosx_version_min=10.15' '-shared-libgcc' '-mtune=core2']
  link line: [ /usr/local/Cellar/gcc/10.2.0/libexec/gcc/x86_64-apple-darwin19/10.2.0/collect2 -dynamic -arch x86_64 -macosx_version_min 10.15.0 -syslibroot /Applications/Xcode.app/Contents/Developer/Platforms/MacOSX.platform/Developer/SDKs/MacOSX10.15.sdk -weak_reference_mismatches non-weak -o cmTC_afd2f -L/usr/local/Cellar/gcc/10.2.0/lib/gcc/10/gcc/x86_64-apple-darwin19/10.2.0 -L/usr/local/Cellar/gcc/10.2.0/lib/gcc/10/gcc/x86_64-apple-darwin19/10.2.0/../../.. -search_paths_first -headerpad_max_install_names -v CMakeFiles/cmTC_afd2f.dir/CMakeCXXCompilerABI.cpp.o -lstdc++ -lSystem -lgcc_ext.10.5 -lgcc -lSystem -no_compact_unwind -v]
    arg [/usr/local/Cellar/gcc/10.2.0/libexec/gcc/x86_64-apple-darwin19/10.2.0/collect2] ==> ignore
    arg [-dynamic] ==> ignore
    arg [-arch] ==> ignore
    arg [x86_64] ==> ignore
    arg [-macosx_version_min] ==> ignore
    arg [10.15.0] ==> ignore
    arg [-syslibroot] ==> ignore
    arg [/Applications/Xcode.app/Contents/Developer/Platforms/MacOSX.platform/Developer/SDKs/MacOSX10.15.sdk] ==> ignore
    arg [-weak_reference_mismatches] ==> ignore
    arg [non-weak] ==> ignore
    arg [-o] ==> ignore
    arg [cmTC_afd2f] ==> ignore
    arg [-L/usr/local/Cellar/gcc/10.2.0/lib/gcc/10/gcc/x86_64-apple-darwin19/10.2.0] ==> dir [/usr/local/Cellar/gcc/10.2.0/lib/gcc/10/gcc/x86_64-apple-darwin19/10.2.0]
    arg [-L/usr/local/Cellar/gcc/10.2.0/lib/gcc/10/gcc/x86_64-apple-darwin19/10.2.0/../../..] ==> dir [/usr/local/Cellar/gcc/10.2.0/lib/gcc/10/gcc/x86_64-apple-darwin19/10.2.0/../../..]
    arg [-search_paths_first] ==> ignore
    arg [-headerpad_max_install_names] ==> ignore
    arg [-v] ==> ignore
    arg [CMakeFiles/cmTC_afd2f.dir/CMakeCXXCompilerABI.cpp.o] ==> ignore
    arg [-lstdc++] ==> lib [stdc++]
    arg [-lSystem] ==> lib [System]
    arg [-lgcc_ext.10.5] ==> lib [gcc_ext.10.5]
    arg [-lgcc] ==> lib [gcc]
    arg [-lSystem] ==> lib [System]
    arg [-no_compact_unwind] ==> ignore
    arg [-v] ==> ignore
  Library search paths: [;/usr/local/Cellar/gcc/10.2.0/lib/gcc/10/gcc/x86_64-apple-darwin19/10.2.0;/usr/local/Cellar/gcc/10.2.0/lib/gcc/10;/Applications/Xcode.app/Contents/Developer/Platforms/MacOSX.platform/Developer/SDKs/MacOSX10.15.sdk/usr/lib]
  Framework search paths: [;/Applications/Xcode.app/Contents/Developer/Platforms/MacOSX.platform/Developer/SDKs/MacOSX10.15.sdk/System/Library/Frameworks/]
  remove lib [System]
  remove lib [System]
  collapse library dir [/usr/local/Cellar/gcc/10.2.0/lib/gcc/10/gcc/x86_64-apple-darwin19/10.2.0] ==> [/usr/local/Cellar/gcc/10.2.0/lib/gcc/10/gcc/x86_64-apple-darwin19/10.2.0]
  collapse library dir [/usr/local/Cellar/gcc/10.2.0/lib/gcc/10/gcc/x86_64-apple-darwin19/10.2.0/../../..] ==> [/usr/local/Cellar/gcc/10.2.0/lib/gcc/10]
  collapse library dir [/usr/local/Cellar/gcc/10.2.0/lib/gcc/10/gcc/x86_64-apple-darwin19/10.2.0] ==> [/usr/local/Cellar/gcc/10.2.0/lib/gcc/10/gcc/x86_64-apple-darwin19/10.2.0]
  collapse library dir [/usr/local/Cellar/gcc/10.2.0/lib/gcc/10] ==> [/usr/local/Cellar/gcc/10.2.0/lib/gcc/10]
  collapse library dir [/Applications/Xcode.app/Contents/Developer/Platforms/MacOSX.platform/Developer/SDKs/MacOSX10.15.sdk/usr/lib] ==> [/Applications/Xcode.app/Contents/Developer/Platforms/MacOSX.platform/Developer/SDKs/MacOSX10.15.sdk/usr/lib]
  collapse framework dir [/Applications/Xcode.app/Contents/Developer/Platforms/MacOSX.platform/Developer/SDKs/MacOSX10.15.sdk/System/Library/Frameworks/] ==> [/Applications/Xcode.app/Contents/Developer/Platforms/MacOSX.platform/Developer/SDKs/MacOSX10.15.sdk/System/Library/Frameworks]
  implicit libs: [stdc++;gcc_ext.10.5;gcc]
  implicit dirs: [/usr/local/Cellar/gcc/10.2.0/lib/gcc/10/gcc/x86_64-apple-darwin19/10.2.0;/usr/local/Cellar/gcc/10.2.0/lib/gcc/10;/Applications/Xcode.app/Contents/Developer/Platforms/MacOSX.platform/Developer/SDKs/MacOSX10.15.sdk/usr/lib]
  implicit fwks: [/Applications/Xcode.app/Contents/Developer/Platforms/MacOSX.platform/Developer/SDKs/MacOSX10.15.sdk/System/Library/Frameworks]


Determining if the include file pthread.h exists passed with the following output:
Change Dir: /Users/floriancaullery/CLionProjects/pqc_rainbow_signature/build/CMakeFiles/CMakeTmp

Run Build Command(s):/usr/local/bin/ninja cmTC_2fe70 && [1/2] Building C object CMakeFiles/cmTC_2fe70.dir/CheckIncludeFile.c.o
[2/2] Linking C executable cmTC_2fe70



Performing C SOURCE FILE Test CMAKE_HAVE_LIBC_PTHREAD succeeded with the following output:
Change Dir: /Users/floriancaullery/CLionProjects/pqc_rainbow_signature/build/CMakeFiles/CMakeTmp

Run Build Command(s):/usr/local/bin/ninja cmTC_54211 && [1/2] Building C object CMakeFiles/cmTC_54211.dir/src.c.o
[2/2] Linking C executable cmTC_54211


Source file was:
#include <pthread.h>

void* test_func(void* data)
{
  return data;
}

int main(void)
{
  pthread_t thread;
  pthread_create(&thread, NULL, test_func, NULL);
  pthread_detach(thread);
  pthread_cancel(thread);
  pthread_join(thread, NULL);
  pthread_atfork(NULL, NULL, NULL);
  pthread_exit(NULL);

  return 0;
}

